\BOOKMARK [1][-]{section.0}{\376\377\122\115\212\000}{}% 1
\BOOKMARK [2][-]{subsection.0.1}{\376\377\127\372\147\054\116\313\176\315}{section.0}% 2
\BOOKMARK [2][-]{subsection.0.2}{\376\377\123\327\117\027\130\360\146\016}{section.0}% 3
\BOOKMARK [2][-]{subsection.0.3}{\376\377\117\177\165\050\130\360\146\016}{section.0}% 4
\BOOKMARK [2][-]{subsection.0.4}{\376\377\133\304\213\355}{section.0}% 5
\BOOKMARK [1][-]{section.1}{\376\377\122\250\140\001\211\304\122\022}{}% 6
\BOOKMARK [2][-]{subsection.1.1}{\376\377\147\064\175\040\000\040\000d\000p}{section.1}% 7
\BOOKMARK [3][-]{subsubsection.1.1.1}{\376\377\000L\000I\000S\000/\000L\000C\000S\000\040\174\173\000\040\000d\000p}{subsection.1.1}% 8
\BOOKMARK [3][-]{subsubsection.1.1.2}{\376\377\123\072\225\364\000\040\000d\000p}{subsection.1.1}% 9
\BOOKMARK [3][-]{subsubsection.1.1.3}{\376\377\215\104\156\220\122\006\221\115\174\173\000\040\000d\000p}{subsection.1.1}% 10
\BOOKMARK [4][-]{paragraph.1.1.3.1}{\376\377\200\314\123\005\174\173\000\040\000d\000p}{subsubsection.1.1.3}% 11
\BOOKMARK [4][-]{paragraph.1.1.3.2}{\376\377\147\000\131\047\116\130\171\357\174\173\000\040\000d\000p}{subsubsection.1.1.3}% 12
\BOOKMARK [3][-]{subsubsection.1.1.4}{\376\377\133\120\136\217\122\027\000/\133\120\116\062\174\173\000\040\000d\000p}{subsection.1.1}% 13
\BOOKMARK [3][-]{subsubsection.1.1.5}{\376\377\123\314\221\315\000/\131\032\221\315\000\040\000d\000p}{subsection.1.1}% 14
\BOOKMARK [2][-]{subsection.1.2}{\376\377\162\266\123\213\000\040\000d\000p}{section.1}% 15
\BOOKMARK [3][-]{subsubsection.1.2.1}{\376\377\162\266\123\213\000\040\000d\000p}{subsection.1.2}% 16
\BOOKMARK [3][-]{subsubsection.1.2.2}{\376\377\217\156\136\323\176\277\000\040\000d\000p}{subsection.1.2}% 17
\BOOKMARK [3][-]{subsubsection.1.2.3}{\376\377\143\322\131\064\000\040\000d\000p}{subsection.1.2}% 18
\BOOKMARK [3][-]{subsubsection.1.2.4}{\376\377\000S\000t\000e\000n\000i\000e\000r\000\040\000T\000r\000e\000e}{subsection.1.2}% 19
\BOOKMARK [2][-]{subsection.1.3}{\376\377\150\021\137\142\000\040\000d\000p}{section.1}% 20
\BOOKMARK [3][-]{subsubsection.1.3.1}{\376\377\150\021\137\142\000\040\000d\000p}{subsection.1.3}% 21
\BOOKMARK [3][-]{subsubsection.1.3.2}{\376\377\143\142\150\071\000\040\000d\000p}{subsection.1.3}% 22
\BOOKMARK [3][-]{subsubsection.1.3.3}{\376\377\127\372\163\257\150\021\000\040\000d\000p}{subsection.1.3}% 23
\BOOKMARK [3][-]{subsubsection.1.3.4}{\376\377\116\331\116\272\143\214\000\040\000d\000p}{subsection.1.3}% 24
\BOOKMARK [3][-]{subsubsection.1.3.5}{\376\377\206\132\150\021\000\040\000d\000p}{subsection.1.3}% 25
\BOOKMARK [2][-]{subsection.1.4}{\376\377\145\160\117\115\000\040\000d\000p}{section.1}% 26
\BOOKMARK [2][-]{subsection.1.5}{\376\377\151\202\163\207\147\037\147\033\000\040\000d\000p}{section.1}% 27
\BOOKMARK [2][-]{subsection.1.6}{\376\377\000d\000p\000\040\117\030\123\026}{section.1}% 28
\BOOKMARK [3][-]{subsubsection.1.6.1}{\376\377\121\263\173\126\123\125\214\003\140\047\117\030\123\026\000\040\000d\000p}{subsection.1.6}% 29
\BOOKMARK [4][-]{paragraph.1.6.1.1}{\376\377\126\333\217\271\137\142\116\015\173\111\137\017\117\030\123\026\000\040\000d\000p}{subsubsection.1.6.1}% 30
\BOOKMARK [4][-]{paragraph.1.6.1.2}{\376\377\123\125\214\003\150\010\000/\116\214\122\006\150\010\117\030\123\026\000\040\000d\000p}{subsubsection.1.6.1}% 31
\BOOKMARK [4][-]{paragraph.1.6.1.3}{\376\377\122\006\154\273\117\030\123\026\000\040\000d\000p}{subsubsection.1.6.1}% 32
\BOOKMARK [4][-]{paragraph.1.6.1.4}{\376\377\145\234\163\207\117\030\123\026\000\040\000d\000p}{subsubsection.1.6.1}% 33
\BOOKMARK [4][-]{paragraph.1.6.1.5}{\376\377\000w\000q\000s\000\040\116\214\122\006\377\010\000d\000p\000\040\121\370\117\030\123\026\377\011}{subsubsection.1.6.1}% 34
\BOOKMARK [3][-]{subsubsection.1.6.2}{\376\377\156\332\122\250\145\160\176\304\117\030\123\026\000\040\000d\000p}{subsection.1.6}% 35
\BOOKMARK [3][-]{subsubsection.1.6.3}{\376\377\120\015\130\236\117\030\123\026\000\040\000d\000p}{subsection.1.6}% 36
\BOOKMARK [3][-]{subsubsection.1.6.4}{\376\377\167\351\226\065\116\130\154\325\117\030\123\026\000\040\000d\000p}{subsection.1.6}% 37
\BOOKMARK [3][-]{subsubsection.1.6.5}{\376\377\145\160\143\156\176\323\147\204\117\030\123\026\000\040\000d\000p}{subsection.1.6}% 38
\BOOKMARK [3][-]{subsubsection.1.6.6}{\376\377\000d\000d\000p}{subsection.1.6}% 39
\BOOKMARK [1][-]{section.2}{\376\377\126\376\213\272}{}% 40
\BOOKMARK [2][-]{subsection.2.1}{\376\377\150\021}{section.2}% 41
\BOOKMARK [3][-]{subsubsection.2.1.1}{\376\377\150\021\166\204\220\115\123\206}{subsection.2.1}% 42
\BOOKMARK [3][-]{subsubsection.2.1.2}{\376\377\127\372\163\257\150\021}{subsection.2.1}% 43
\BOOKMARK [3][-]{subsubsection.2.1.3}{\376\377\116\331\116\272\143\214}{subsection.2.1}% 44
\BOOKMARK [2][-]{subsection.2.2}{\376\377\150\021}{section.2}% 45
\BOOKMARK [2][-]{subsection.2.3}{\376\377\126\376\166\204\217\336\220\032\140\047}{section.2}% 46
\BOOKMARK [3][-]{subsubsection.2.3.1}{\376\377\147\011\124\021\126\376\217\336\220\032\140\047}{subsection.2.3}% 47
\BOOKMARK [4][-]{paragraph.2.3.1.1}{\376\377\137\072\217\336\220\032\122\006\221\317}{subsubsection.2.3.1}% 48
\BOOKMARK [3][-]{subsubsection.2.3.2}{\376\377\145\340\124\021\126\376\217\336\220\032\140\047}{subsection.2.3}% 49
\BOOKMARK [4][-]{paragraph.2.3.2.1}{\376\377\177\051\160\271}{subsubsection.2.3.2}% 50
\BOOKMARK [4][-]{paragraph.2.3.2.2}{\376\377\160\271\123\314\000/\217\271\123\314}{subsubsection.2.3.2}% 51
\BOOKMARK [2][-]{subsection.2.4}{\376\377\165\037\142\020\150\021\225\356\230\230}{section.2}% 52
\BOOKMARK [3][-]{subsubsection.2.4.1}{\376\377\147\000\120\074\165\037\142\020\150\021}{subsection.2.4}% 53
\BOOKMARK [3][-]{subsubsection.2.4.2}{\376\377\000k\000\040\120\074\165\037\142\020\150\021}{subsection.2.4}% 54
\BOOKMARK [3][-]{subsubsection.2.4.3}{\376\377\000k\000\040\136\246\226\120\122\066\165\037\142\020\150\021}{subsection.2.4}% 55
\BOOKMARK [2][-]{subsection.2.5}{\376\377\147\000\167\355\215\357\137\204\225\356\230\230}{section.2}% 56
\BOOKMARK [3][-]{subsubsection.2.5.1}{\376\377\147\000\167\355\215\357}{subsection.2.5}% 57
\BOOKMARK [3][-]{subsubsection.2.5.2}{\376\377\000k\000\040\167\355\215\357}{subsection.2.5}% 58
\BOOKMARK [3][-]{subsubsection.2.5.3}{\376\377\122\006\134\102\126\376\147\000\167\355\215\357}{subsection.2.5}% 59
\BOOKMARK [2][-]{subsection.2.6}{\376\377\116\214\122\006\126\376\116\016\177\121\176\334\155\101}{section.2}% 60
\BOOKMARK [3][-]{subsubsection.2.6.1}{\376\377\116\214\122\006\126\376\147\000\131\047\123\071\221\115}{subsection.2.6}% 61
\BOOKMARK [3][-]{subsubsection.2.6.2}{\376\377\147\000\131\047\155\101}{subsection.2.6}% 62
\BOOKMARK [3][-]{subsubsection.2.6.3}{\376\377\147\000\134\017\215\071\165\050\155\101}{subsection.2.6}% 63
\BOOKMARK [3][-]{subsubsection.2.6.4}{\376\377\116\012\116\013\165\114\177\121\176\334\155\101}{subsection.2.6}% 64
\BOOKMARK [3][-]{subsubsection.2.6.5}{\376\377\177\121\176\334\155\101\136\070\211\301\152\041\127\213}{subsection.2.6}% 65
\BOOKMARK [3][-]{subsubsection.2.6.6}{\376\377\136\046\202\261\150\021}{subsection.2.6}% 66
\BOOKMARK [1][-]{section.3}{\376\377\145\160\133\146}{}% 67
\BOOKMARK [2][-]{subsection.3.1}{\376\377\145\160\213\272}{section.3}% 68
\BOOKMARK [3][-]{subsubsection.3.1.1}{\376\377\136\070\211\301\145\160\213\272\133\232\164\006}{subsection.3.1}% 69
\BOOKMARK [4][-]{paragraph.3.1.1.1}{\376\377\000c\000r\000t\377\014\000e\000x\000c\000r\000t}{subsubsection.3.1.1}% 70
\BOOKMARK [4][-]{paragraph.3.1.1.2}{\376\377\210\364\207\000\133\232\164\006}{subsubsection.3.1.1}% 71
\BOOKMARK [4][-]{paragraph.3.1.1.3}{\376\377\215\071\232\154\134\017\000/\131\047\133\232\164\006}{subsubsection.3.1.1}% 72
\BOOKMARK [3][-]{subsubsection.3.1.2}{\376\377\175\040\145\160}{subsection.3.1}% 73
\BOOKMARK [4][-]{paragraph.3.1.2.1}{\376\377\000M\000i\000l\000l\000e\000r\000\137\000R\000a\000b\000i\000n\000\040\175\040\145\160\122\044\133\232}{subsubsection.3.1.2}% 74
\BOOKMARK [4][-]{paragraph.3.1.2.2}{\376\377\000P\000o\000l\000l\000a\000r\000d\000\137\000R\000h\000o\000\040\215\050\126\340\145\160\122\006\211\343}{subsubsection.3.1.2}% 75
\BOOKMARK [3][-]{subsubsection.3.1.3}{\376\377\145\164\226\144}{subsection.3.1}% 76
\BOOKMARK [4][-]{paragraph.3.1.3.1}{\376\377\000m\000o\000d\000\040\166\204\217\320\173\227}{subsubsection.3.1.3}% 77
\BOOKMARK [4][-]{paragraph.3.1.3.2}{\376\377\000c\000e\000i\000l\000\040\124\214\000\040\000f\000l\000o\000o\000r\000\040\166\204\217\320\173\227}{subsubsection.3.1.3}% 78
\BOOKMARK [3][-]{subsubsection.3.1.4}{\376\377\000D\000i\000r\000i\000c\000h\000l\000e\000t\000\040\123\167\171\357}{subsection.3.1}% 79
\BOOKMARK [4][-]{paragraph.3.1.4.1}{\376\377\176\277\140\047\173\133}{subsubsection.3.1.4}% 80
\BOOKMARK [4][-]{paragraph.3.1.4.2}{\376\377\147\134\145\131\173\133}{subsubsection.3.1.4}% 81
\BOOKMARK [4][-]{paragraph.3.1.4.3}{\376\377\000M\000i\000n\000\137\0002\0005\000\040\173\133}{subsubsection.3.1.4}% 82
\BOOKMARK [3][-]{subsubsection.3.1.5}{\376\377\123\237\150\071\377\014\000o\000r\000d}{subsection.3.1}% 83
\BOOKMARK [3][-]{subsubsection.3.1.6}{\376\377\000B\000S\000G\000S}{subsection.3.1}% 84
\BOOKMARK [3][-]{subsubsection.3.1.7}{\376\377\174\173\153\047\121\340\221\314\137\227}{subsection.3.1}% 85
\BOOKMARK [2][-]{subsection.3.2}{\376\377\176\304\124\010\145\160\133\146}{section.3}% 86
\BOOKMARK [3][-]{subsubsection.3.2.1}{\376\377\000L\000u\000c\000a\000s\000\040\133\232\164\006}{subsection.3.2}% 87
\BOOKMARK [4][-]{paragraph.3.2.1.1}{\376\377\000L\000u\000c\000a\000s\000\040\133\232\164\006}{subsubsection.3.2.1}% 88
\BOOKMARK [4][-]{paragraph.3.2.1.2}{\376\377\000e\000x\000L\000u\000c\000a\000s\000\040\133\232\164\006}{subsubsection.3.2.1}% 89
\BOOKMARK [3][-]{subsubsection.3.2.2}{\376\377\133\271\145\245\123\237\164\006}{subsection.3.2}% 90
\BOOKMARK [4][-]{paragraph.3.2.2.1}{\376\377\133\271\145\245\123\237\164\006}{subsubsection.3.2.2}% 91
\BOOKMARK [4][-]{paragraph.3.2.2.2}{\376\377\116\214\230\171\137\017\123\315\157\024\377\010\136\177\116\111\133\271\145\245\377\011}{subsubsection.3.2.2}% 92
\BOOKMARK [4][-]{paragraph.3.2.2.3}{\376\377\133\120\226\306\123\315\157\024}{subsubsection.3.2.2}% 93
\BOOKMARK [4][-]{paragraph.3.2.2.4}{\376\377\000m\000i\000n\000-\000m\000a\000x\000\040\123\315\157\024\377\014\000k\000\040\120\074\123\315\157\024}{subsubsection.3.2.2}% 94
\BOOKMARK [3][-]{subsubsection.3.2.3}{\376\377\000C\000a\000t\000a\000l\000a\000n\000\040\145\160}{subsection.3.2}% 95
\BOOKMARK [3][-]{subsubsection.3.2.4}{\376\377\000S\000t\000i\000r\000l\000i\000n\000g\000\040\145\160}{subsection.3.2}% 96
\BOOKMARK [4][-]{paragraph.3.2.4.1}{\376\377\173\054\116\000\174\173\000\040\000S\000t\000i\000r\000l\000i\000n\000g\000\040\145\160}{subsubsection.3.2.4}% 97
\BOOKMARK [4][-]{paragraph.3.2.4.2}{\376\377\173\054\116\214\174\173\000\040\000S\000t\000i\000r\000l\000i\000n\000g\000\040\145\160}{subsubsection.3.2.4}% 98
\BOOKMARK [4][-]{paragraph.3.2.4.3}{\376\377\000S\000t\000i\000r\000l\000i\000n\000g\000\040\123\315\157\024}{subsubsection.3.2.4}% 99
\BOOKMARK [3][-]{subsubsection.3.2.5}{\376\377\000B\000e\000r\000n\000o\000u\000l\000l\000i\000\040\145\160}{subsection.3.2}% 100
\BOOKMARK [2][-]{subsection.3.3}{\376\377\176\277\140\047\116\343\145\160}{section.3}% 101
\BOOKMARK [3][-]{subsubsection.3.3.1}{\376\377\000G\000a\000u\000s\000s\000\040\155\210\121\103}{subsection.3.3}% 102
\BOOKMARK [3][-]{subsubsection.3.3.2}{\376\377\176\277\140\047\127\372}{subsection.3.3}% 103
\BOOKMARK [3][-]{subsubsection.3.3.3}{\376\377\000M\000a\000t\000r\000i\000x\000-\000T\000r\000e\000e\000\040\133\232\164\006}{subsection.3.3}% 104
\BOOKMARK [2][-]{subsection.3.4}{\376\377\131\032\230\171\137\017}{section.3}% 105
\BOOKMARK [3][-]{subsubsection.3.4.1}{\376\377\000L\000a\000g\000r\000a\000n\000g\000e\000\040\143\322\120\074}{subsection.3.4}% 106
\BOOKMARK [4][-]{paragraph.3.4.1.1}{\376\377\000L\000a\000g\000r\000a\000n\000g\000e\000\040\143\322\120\074}{subsubsection.3.4.1}% 107
\BOOKMARK [4][-]{paragraph.3.4.1.2}{\376\377\000L\000a\000g\000r\000a\000n\000g\000e\000\040\123\315\157\024}{subsubsection.3.4.1}% 108
\BOOKMARK [4][-]{paragraph.3.4.1.3}{\376\377\000e\000x\000L\000a\000g\000r\000a\000n\000g\000e\000\040\123\315\157\024}{subsubsection.3.4.1}% 109
\BOOKMARK [3][-]{subsubsection.3.4.2}{\376\377\000F\000F\000T\000/\000N\000T\000T}{subsection.3.4}% 110
\BOOKMARK [4][-]{paragraph.3.4.2.1}{\376\377\131\032\230\171\137\017\127\372\147\054\152\041\147\177}{subsubsection.3.4.2}% 111
\BOOKMARK [4][-]{paragraph.3.4.2.2}{\376\377\122\006\154\273\000\040\000F\000F\000T\000/\000N\000T\000T}{subsubsection.3.4.2}% 112
\BOOKMARK [4][-]{paragraph.3.4.2.3}{\376\377\123\125\117\115\150\071\123\315\157\024}{subsubsection.3.4.2}% 113
\BOOKMARK [3][-]{subsubsection.3.4.3}{\376\377\136\102\176\247\145\160}{subsection.3.4}% 114
\BOOKMARK [4][-]{paragraph.3.4.3.1}{\376\377\226\306\124\010\136\102\176\247\145\160\000\040\000F\000W\000T\000/\000F\000M\000T\000/\000F\000S\000T}{subsubsection.3.4.3}% 115
\BOOKMARK [4][-]{paragraph.3.4.3.2}{\376\377\165\037\142\020\121\375\145\160}{subsubsection.3.4.3}% 116
\BOOKMARK [3][-]{subsubsection.3.4.4}{\376\377\136\070\174\373\145\160\237\120\153\041\176\277\140\047\220\022\143\250}{subsection.3.4}% 117
\BOOKMARK [3][-]{subsubsection.3.4.5}{\376\377\162\171\137\201\150\071\000/\131\032\230\171\137\017}{subsection.3.4}% 118
\BOOKMARK [2][-]{subsection.3.5}{\376\377\177\244\213\272}{section.3}% 119
\BOOKMARK [3][-]{subsubsection.3.5.1}{\376\377\177\156\143\142\177\244}{subsection.3.5}% 120
\BOOKMARK [3][-]{subsubsection.3.5.2}{\376\377\000B\000u\000r\000n\000s\000i\000d\000e\000\040\137\025\164\006\123\312\116\015\122\250\160\271}{subsection.3.5}% 121
\BOOKMARK [3][-]{subsubsection.3.5.3}{\376\377\000p\000o\000l\000y\000a\000\040\213\241\145\160}{subsection.3.5}% 122
\BOOKMARK [2][-]{subsection.3.6}{\376\377\123\132\137\010\213\272}{section.3}% 123
\BOOKMARK [2][-]{subsection.3.7}{\376\377\176\277\140\047\211\304\122\022}{section.3}% 124
\BOOKMARK [3][-]{subsubsection.3.7.1}{\376\377\123\125\176\257\137\142\154\325}{subsection.3.7}% 125
\BOOKMARK [2][-]{subsection.3.8}{\376\377\127\372\170\100\137\256\171\357\122\006}{section.3}% 126
\BOOKMARK [3][-]{subsubsection.3.8.1}{\376\377\000S\000i\000m\000p\000s\000o\000n\000\040\171\357\122\006}{subsection.3.8}% 127
\BOOKMARK [3][-]{subsubsection.3.8.2}{\376\377\120\117\133\374\145\160}{subsection.3.8}% 128
\BOOKMARK [4][-]{paragraph.3.8.2.1}{\376\377\000L\000a\000g\000r\000a\000n\000g\000e\000\040\116\130\145\160\154\325}{subsubsection.3.8.2}% 129
\BOOKMARK [4][-]{paragraph.3.8.2.2}{\376\377\147\000\134\017\116\214\116\130\154\325}{subsubsection.3.8.2}% 130
\BOOKMARK [3][-]{subsubsection.3.8.3}{\376\377\135\356\122\006}{subsection.3.8}% 131
\BOOKMARK [4][-]{paragraph.3.8.3.1}{\376\377\122\006\220\350\154\102\124\214\154\325}{subsubsection.3.8.3}% 132
\BOOKMARK [4][-]{paragraph.3.8.3.2}{\376\377\131\032\221\315\135\356\122\006}{subsubsection.3.8.3}% 133
\BOOKMARK [2][-]{subsection.3.9}{\376\377\215\052\137\303\377\014\226\217\147\072\123\026\173\227\154\325}{section.3}% 134
\BOOKMARK [3][-]{subsubsection.3.9.1}{\376\377\0000\0001\000\040\122\006\145\160\211\304\122\022}{subsection.3.9}% 135
\BOOKMARK [3][-]{subsubsection.3.9.2}{\376\377\142\337\226\065}{subsection.3.9}% 136
\BOOKMARK [3][-]{subsubsection.3.9.3}{\376\377\226\217\147\072\123\026\173\227\154\325}{subsection.3.9}% 137
\BOOKMARK [2][-]{subsection.3.10}{\376\377\213\241\173\227\121\340\117\125}{section.3}% 138
\BOOKMARK [3][-]{subsubsection.3.10.1}{\376\377\124\021\221\317}{subsection.3.10}% 139
\BOOKMARK [3][-]{subsubsection.3.10.2}{\376\377\121\370\123\005}{subsection.3.10}% 140
\BOOKMARK [4][-]{paragraph.3.10.2.1}{\376\377\145\313\217\154\123\141\130\363}{subsubsection.3.10.2}% 141
\BOOKMARK [4][-]{paragraph.3.10.2.2}{\376\377\000M\000i\000n\000k\000o\000w\000s\000k\000i\000\040\124\010\136\166\121\370\123\005}{subsubsection.3.10.2}% 142
\BOOKMARK [3][-]{subsubsection.3.10.3}{\376\377\123\112\136\163\227\142\116\244}{subsection.3.10}% 143
\BOOKMARK [3][-]{subsubsection.3.10.4}{\376\377\116\011\211\322\122\126\122\006}{subsection.3.10}% 144
\BOOKMARK [3][-]{subsubsection.3.10.5}{\376\377\116\011\176\364\213\241\173\227\121\340\117\125}{subsection.3.10}% 145
\BOOKMARK [4][-]{paragraph.3.10.5.1}{\376\377\116\011\176\364\121\370\123\005}{subsubsection.3.10.5}% 146
\BOOKMARK [4][-]{paragraph.3.10.5.2}{\376\377\126\333\227\142\117\123\122\126\122\006}{subsubsection.3.10.5}% 147
\BOOKMARK [1][-]{section.4}{\376\377\133\127\173\046\116\062}{}% 148
\BOOKMARK [2][-]{subsection.4.1}{\376\377\000H\000a\000s\000h}{section.4}% 149
\BOOKMARK [2][-]{subsection.4.2}{\376\377\000K\000M\000P\000/\000e\000x\000K\000M\000P}{section.4}% 150
\BOOKMARK [2][-]{subsection.4.3}{\376\377\000t\000r\000i\000e}{section.4}% 151
\BOOKMARK [2][-]{subsection.4.4}{\376\377\000A\000C\000\040\201\352\122\250\147\072}{section.4}% 152
\BOOKMARK [2][-]{subsection.4.5}{\376\377\000S\000A\000/\000S\000A\000M}{section.4}% 153
\BOOKMARK [2][-]{subsection.4.6}{\376\377\000m\000a\000n\000a\000c\000h\000e\000r\000/\000P\000A\000M}{section.4}% 154
\BOOKMARK [1][-]{section.5}{\376\377\145\160\143\156\176\323\147\204}{}% 155
\BOOKMARK [2][-]{subsection.5.1}{\376\377\127\372\170\100\145\160\143\156\176\323\147\204}{section.5}% 156
\BOOKMARK [2][-]{subsection.5.2}{\376\377\150\021\162\266\145\160\176\304\000\040\000b\000i\000t}{section.5}% 157
\BOOKMARK [2][-]{subsection.5.3}{\376\377\176\277\153\265\150\021\000\040\000s\000g\000t}{section.5}% 158
\BOOKMARK [3][-]{subsubsection.5.3.1}{\376\377\000z\000k\000w\000\040\176\277\153\265\150\021}{subsection.5.3}% 159
\BOOKMARK [3][-]{subsubsection.5.3.2}{\376\377\176\277\153\265\150\021\124\010\136\166\000/\122\006\210\302}{subsection.5.3}% 160
\BOOKMARK [3][-]{subsubsection.5.3.3}{\376\377\000B\000e\000a\000t\000s\377\010\124\011\123\370\147\072\150\021\000\051}{subsection.5.3}% 161
\BOOKMARK [3][-]{subsubsection.5.3.4}{\376\377\147\116\215\205\176\277\153\265\150\021}{subsection.5.3}% 162
\BOOKMARK [2][-]{subsection.5.4}{\376\377\136\163\210\141\150\021}{section.5}% 163
\BOOKMARK [3][-]{subsubsection.5.4.1}{\376\377\000S\000p\000l\000a\000y}{subsection.5.4}% 164
\BOOKMARK [3][-]{subsubsection.5.4.2}{\376\377\000T\000r\000e\000a\000p\000/\000f\000h\000q\000-\000T\000r\000e\000a\000p}{subsection.5.4}% 165
\BOOKMARK [3][-]{subsubsection.5.4.3}{\376\377\173\033\123\141\134\024\150\021}{subsection.5.4}% 166
\BOOKMARK [3][-]{subsubsection.5.4.4}{\376\377\146\377\177\152\177\212\150\021}{subsection.5.4}% 167
\BOOKMARK [2][-]{subsection.5.5}{\376\377\000K\000D\000-\000T\000r\000e\000e}{section.5}% 168
\BOOKMARK [2][-]{subsection.5.6}{\376\377\123\357\136\166\130\006\124\214\135\346\120\117\150\021}{section.5}% 169
\BOOKMARK [2][-]{subsection.5.7}{\376\377\136\217\122\027\122\006\154\273\173\227\154\325}{section.5}% 170
\BOOKMARK [3][-]{subsubsection.5.7.1}{\376\377\000C\000D\000Q\000\040\122\006\154\273}{subsection.5.7}% 171
\BOOKMARK [3][-]{subsubsection.5.7.2}{\376\377\145\164\117\123\116\214\122\006}{subsection.5.7}% 172
\BOOKMARK [2][-]{subsection.5.8}{\376\377\150\021\116\012\122\006\154\273\173\227\154\325}{section.5}% 173
\BOOKMARK [3][-]{subsubsection.5.8.1}{\376\377\160\271\122\006\154\273}{subsection.5.8}% 174
\BOOKMARK [4][-]{paragraph.5.8.1.1}{\376\377\122\250\140\001\160\271\122\006\154\273}{subsubsection.5.8.1}% 175
\BOOKMARK [3][-]{subsubsection.5.8.2}{\376\377\217\271\122\006\154\273}{subsection.5.8}% 176
\BOOKMARK [3][-]{subsubsection.5.8.3}{\376\377\150\021\224\376\122\126\122\006\000\040\000H\000L\000D}{subsection.5.8}% 177
\BOOKMARK [3][-]{subsubsection.5.8.4}{\376\377\000L\000i\000n\000k\000-\000C\000u\000t\000-\000T\000r\000e\000e}{subsection.5.8}% 178
\BOOKMARK [3][-]{subsubsection.5.8.5}{\376\377\000T\000o\000p\000-\000T\000r\000e\000e}{subsection.5.8}% 179
\BOOKMARK [3][-]{subsubsection.5.8.6}{\376\377\225\177\224\376\122\126\122\006\000\040\000L\000P\000D}{subsection.5.8}% 180
\BOOKMARK [3][-]{subsubsection.5.8.7}{\376\377\000d\000s\000u\000\040\000o\000n\000\040\000t\000r\000e\000e}{subsection.5.8}% 181
\BOOKMARK [3][-]{subsubsection.5.8.8}{\376\377\000E\000u\000l\000e\000r\000-\000T\000o\000u\000r\000-\000T\000r\000e\000e}{subsection.5.8}% 182
\BOOKMARK [2][-]{subsection.5.9}{\376\377\123\357\143\001\116\105\123\026\145\160\143\156\176\323\147\204}{section.5}% 183
\BOOKMARK [2][-]{subsection.5.10}{\376\377\000D\000a\000n\000c\000i\000n\000g\000-\000L\000i\000n\000k\000s\000\040\000X}{section.5}% 184
\BOOKMARK [1][-]{section.6}{\376\377\146\364\145\260\145\345\137\327}{}% 185
\BOOKMARK [2][-]{subsection.6.1}{\376\377\000v\000e\000r\000s\000i\000o\000n\000\040\000b\000e\000t\000a\000\040\0001\000.\0000}{section.6}% 186
